Compilación iniciada a las 11/11/2015 04:42:23 p. m..
     1>Proyecto "C:\Users\Daniel\Documents\Visual Studio 2012\Projects\Hotel\Hotel\Hotel.vcxproj" en el nodo 2 (Build destinos).
     1>ClCompile:
         C:\Program Files (x86)\Microsoft Visual Studio 11.0\VC\bin\CL.exe /c /Iinclude /ZI /nologo /W3 /WX- /Od /Oy- /D WIN32 /D _DEBUG /D _CONSOLE /D _UNICODE /D UNICODE /Gm /EHsc /RTC1 /MDd /GS /fp:precise /Zc:wchar_t /Zc:forScope /Fo"Debug\\" /Fd"Debug\vc110.pdb" /Gd /TP /analyze- /errorReport:prompt Camera.cpp figuras.cpp proy_val.cpp texture.cpp
         texture.cpp
     1>c:\users\daniel\documents\visual studio 2012\projects\hotel\hotel\texture.cpp(12): warning C4996: 'fopen': This function or variable may be unsafe. Consider using fopen_s instead. To disable deprecation, use _CRT_SECURE_NO_WARNINGS. See online help for details.
                 c:\program files (x86)\microsoft visual studio 11.0\vc\include\stdio.h(218) : vea la declaración de 'fopen'
     1>c:\users\daniel\documents\visual studio 2012\projects\hotel\hotel\texture.cpp(48): warning C4996: 'strcpy': This function or variable may be unsafe. Consider using strcpy_s instead. To disable deprecation, use _CRT_SECURE_NO_WARNINGS. See online help for details.
                 c:\program files (x86)\microsoft visual studio 11.0\vc\include\string.h(110) : vea la declaración de 'strcpy'
     1>c:\users\daniel\documents\visual studio 2012\projects\hotel\hotel\texture.cpp(84): warning C4996: 'fopen': This function or variable may be unsafe. Consider using fopen_s instead. To disable deprecation, use _CRT_SECURE_NO_WARNINGS. See online help for details.
                 c:\program files (x86)\microsoft visual studio 11.0\vc\include\stdio.h(218) : vea la declaración de 'fopen'
         proy_val.cpp
         figuras.cpp
     1>c:\users\daniel\documents\visual studio 2012\projects\hotel\hotel\figuras.cpp(294): warning C4101: 'phi' : variable local sin referencia
     1>c:\users\daniel\documents\visual studio 2012\projects\hotel\hotel\figuras.cpp(294): warning C4101: 'theta' : variable local sin referencia
         Camera.cpp
         Generando código...
       Link:
         C:\Program Files (x86)\Microsoft Visual Studio 11.0\VC\bin\link.exe /ERRORREPORT:PROMPT /OUT:"C:\Users\Daniel\Documents\Visual Studio 2012\Projects\Hotel\Debug\Hotel.exe" /INCREMENTAL /NOLOGO /LIBPATH:lib glut32.lib /MANIFEST /MANIFESTUAC:"level='asInvoker' uiAccess='false'" /manifest:embed /DEBUG /PDB:"C:\Users\Daniel\Documents\Visual Studio 2012\Projects\Hotel\Debug\Hotel.pdb" /SUBSYSTEM:CONSOLE /TLBID:1 /DYNAMICBASE /NXCOMPAT /IMPLIB:"C:\Users\Daniel\Documents\Visual Studio 2012\Projects\Hotel\Debug\Hotel.lib" /MACHINE:X86 Debug\Camera.obj
         Debug\figuras.obj
         Debug\proy_val.obj
         Debug\texture.obj
         Hotel.vcxproj -> C:\Users\Daniel\Documents\Visual Studio 2012\Projects\Hotel\Debug\Hotel.exe
     1>Compilación del proyecto terminada "C:\Users\Daniel\Documents\Visual Studio 2012\Projects\Hotel\Hotel\Hotel.vcxproj" (Build destinos).

Compilación correcta.

Tiempo transcurrido 00:00:11.23
